<?xml version='1.0' encoding='UTF-8'?>
<testsuite hostname="mbp-2.local" name="JsonHandlerTest" tests="3" errors="0" failures="1" skipped="0" time="0.028" timestamp="2020-04-15T03:49:26">
                     <properties>
[...]
</properties>
                     <testcase classname="JsonHandlerTest" name="should read mock json data from gateway config file" time="0.019">
                                                 
                                               </testcase><testcase classname="JsonHandlerTest" name="should read empty mock json data from gateway config file" time="0.0">
                                                 
                                               </testcase><testcase classname="JsonHandlerTest" name="should read long mock json data from gateway config file" time="0.009">
                                                 <failure message="&quot;[[
{
    &quot;_id&quot;: &quot;5e96bbf1ec89f70ef940d2bd&quot;,
    &quot;index&quot;: 0,
    &quot;guid&quot;: &quot;23663a5e-4fa5-467b-b81c-486653d44e48&quot;,
    &quot;isActive&quot;: true,
    &quot;balance&quot;: &quot;$2,894.68&quot;,
    &quot;picture&quot;: &quot;http://placehold.it/32x32&quot;,
    &quot;age&quot;: 33,
    &quot;eyeColor&quot;: &quot;blue&quot;,
    &quot;name&quot;: &quot;Mcclure Snow&quot;,
    &quot;gender&quot;: &quot;male&quot;,
    &quot;company&quot;: &quot;NAVIR&quot;,
    &quot;email&quot;: &quot;mccluresnow@navir.com&quot;,
    &quot;phone&quot;: &quot;+1 (961) 552-3572&quot;,
    &quot;address&quot;: &quot;886 Borinquen Pl, Bennett, Missouri, 7512&quot;,
    &quot;about&quot;: &quot;Culpa ad ullamco ea commodo labore adipisicing est aute consectetur proident reprehenderit non qui. Pariatur in laborum mollit irure aliquip quis excepteur quis nulla. Laboris adipisicing adipisicing eiusmod ullamco velit irure ex labore culpa aliquip voluptate ad adipisicing. Occaecat incididunt magna veniam elit mollit in enim in voluptate mollit id. Aliqua cupidatat deserunt cillum anim.\r\n&quot;,
    &quot;registered&quot;: &quot;2015-12-18T03:14:36 +05:00&quot;,
    &quot;latitude&quot;: -21.214939,
    &quot;longitude&quot;: 93.095523,
    &quot;tags&quot;: [
      &quot;velit&quot;,
      &quot;excepteur&quot;,
      &quot;veniam&quot;,
      &quot;officia&quot;,
      &quot;veniam&quot;,
      &quot;ad&quot;,
      &quot;cillum&quot;
    ],
    &quot;friends&quot;: [
      {
        &quot;id&quot;: 0,
        &quot;name&quot;: &quot;Kelli Buchanan&quot;
      },
      {
        &quot;id&quot;: 1,
        &quot;name&quot;: &quot;Alyson Shepard&quot;
      },
      {
        &quot;id&quot;: 2,
        &quot;name&quot;: &quot;Mckay Russo&quot;
      }
    ],
    &quot;greeting&quot;: &quot;Hello, Mcclure Snow! You have 10 unread messages.&quot;,
    &quot;favoriteFruit&quot;: &quot;strawberry&quot;
  },
  {
    &quot;_id&quot;: &quot;5e96bbf156ac6237c77a8b50&quot;,
    &quot;index&quot;: 1,
    &quot;guid&quot;: &quot;b0c38138-a6b2-4422-9541-93d4c612b8b5&quot;,
    &quot;isActive&quot;: false,
    &quot;balance&quot;: &quot;$2,935.76&quot;,
    &quot;picture&quot;: &quot;http://placehold.it/32x32&quot;,
    &quot;age&quot;: 33,
    &quot;eyeColor&quot;: &quot;green&quot;,
    &quot;name&quot;: &quot;Maude Robles&quot;,
    &quot;gender&quot;: &quot;female&quot;,
    &quot;company&quot;: &quot;XOGGLE&quot;,
    &quot;email&quot;: &quot;mauderobles@xoggle.com&quot;,
    &quot;phone&quot;: &quot;+1 (993) 471-3861&quot;,
    &quot;address&quot;: &quot;932 Williams Avenue, Goochland, Guam, 2003&quot;,
    &quot;about&quot;: &quot;Pariatur consequat ea velit nulla dolor qui anim ad pariatur commodo ut amet reprehenderit cillum. Lorem occaecat velit ex consequat ex laboris cupidatat nulla minim. Et commodo nulla ex aliquip cillum. Dolore ullamco fugiat incididunt laborum voluptate et labore nostrud eiusmod laborum aute. Esse aliquip dolore magna qui nostrud cillum magna voluptate amet amet commodo. Enim dolor dolore proident eiusmod commodo sit ullamco cillum duis exercitation eiusmod eiusmod est commodo.\r\n&quot;,
    &quot;registered&quot;: &quot;2016-10-24T11:50:57 +04:00&quot;,
    &quot;latitude&quot;: -65.300902,
    &quot;longitude&quot;: -160.338621,
    &quot;tags&quot;: [
      &quot;fugiat&quot;,
      &quot;proident&quot;,
      &quot;enim&quot;,
      &quot;sint&quot;,
      &quot;aute&quot;,
      &quot;quis&quot;,
      &quot;tempor&quot;
    ],
    &quot;friends&quot;: [
      {
        &quot;id&quot;: 0,
        &quot;name&quot;: &quot;Velma Young&quot;
      },
      {
        &quot;id&quot;: 1,
        &quot;name&quot;: &quot;Nadia Duffy&quot;
      },
      {
        &quot;id&quot;: 2,
        &quot;name&quot;: &quot;Queen Freeman&quot;
      }
    ],
    &quot;greeting&quot;: &quot;Hello, Maude Robles! You have 8 unread messages.&quot;,
    &quot;favoriteFruit&quot;: &quot;banana&quot;
  },
  {
    &quot;_id&quot;: &quot;5e96bbf178b9841c166c33ca&quot;,
    &quot;index&quot;: 2,
    &quot;guid&quot;: &quot;382f8093-3dea-4493-8425-e163e7440b94&quot;,
    &quot;isActive&quot;: false,
    &quot;balance&quot;: &quot;$3,958.16&quot;,
    &quot;picture&quot;: &quot;http://placehold.it/32x32&quot;,
    &quot;age&quot;: 34,
    &quot;eyeColor&quot;: &quot;brown&quot;,
    &quot;name&quot;: &quot;Joy Tyson&quot;,
    &quot;gender&quot;: &quot;female&quot;,
    &quot;company&quot;: &quot;SKINSERVE&quot;,
    &quot;email&quot;: &quot;joytyson@skinserve.com&quot;,
    &quot;phone&quot;: &quot;+1 (978) 418-2893&quot;,
    &quot;address&quot;: &quot;146 Newton Street, Blende, New Hampshire, 1427&quot;,
    &quot;about&quot;: &quot;Adipisicing ad eu eu labore laboris adipisicing pariatur ea et velit. Aute pariatur aute magna labore sunt veniam aute et ad tempor commodo aliqua. Qui dolor mollit ex anim commodo consequat. Eu ut mollit laboris Lorem aliquip adipisicing dolor nulla reprehenderit ad dolore Lorem ipsum. Non reprehenderit ex proident eiusmod aute pariatur dolor non aliqua. Ullamco ut enim nisi officia ipsum elit proident duis. Ex non nulla commodo in aliquip aliquip dolor nulla laborum minim.\r\n&quot;,
    &quot;registered&quot;: &quot;2014-03-02T01:40:33 +05:00&quot;,
    &quot;latitude&quot;: 35.13812,
    &quot;longitude&quot;: 139.403515,
    &quot;tags&quot;: [
      &quot;exercitation&quot;,
      &quot;quis&quot;,
      &quot;cupidatat&quot;,
      &quot;dolore&quot;,
      &quot;in&quot;,
      &quot;ullamco&quot;,
      &quot;cupidatat&quot;
    ],
    &quot;friends&quot;: [
      {
        &quot;id&quot;: 0,
        &quot;name&quot;: &quot;Vargas Gill&quot;
      },
      {
        &quot;id&quot;: 1,
        &quot;name&quot;: &quot;Rene Berger&quot;
      },
      {
        &quot;id&quot;: 2,
        &quot;name&quot;: &quot;Atkins Joseph&quot;
      }
    ],
    &quot;greeting&quot;: &quot;Hello, Joy Tyson! You have 6 unread messages.&quot;,
    &quot;favoriteFruit&quot;: &quot;apple&quot;
  },
  {
    &quot;_id&quot;: &quot;5e96bbf12c2f4457a194a513&quot;,
    &quot;index&quot;: 3,
    &quot;guid&quot;: &quot;e584475d-c6ab-4740-ba75-dc528c610aa8&quot;,
    &quot;isActive&quot;: false,
    &quot;balance&quot;: &quot;$1,355.75&quot;,
    &quot;picture&quot;: &quot;http://placehold.it/32x32&quot;,
    &quot;age&quot;: 34,
    &quot;eyeColor&quot;: &quot;brown&quot;,
    &quot;name&quot;: &quot;Ophelia Gillespie&quot;,
    &quot;gender&quot;: &quot;female&quot;,
    &quot;company&quot;: &quot;LOCAZONE&quot;,
    &quot;email&quot;: &quot;opheliagillespie@locazone.com&quot;,
    &quot;phone&quot;: &quot;+1 (842) 490-2162&quot;,
    &quot;address&quot;: &quot;232 Vanderveer Place, Blairstown, Iowa, 4756&quot;,
    &quot;about&quot;: &quot;Officia et dolore do excepteur est occaecat tempor commodo sit tempor do. Sunt eiusmod quis consectetur pariatur eiusmod. Qui mollit pariatur nisi sunt nisi anim consectetur culpa deserunt adipisicing sit. Voluptate mollit do minim aute fugiat amet voluptate et. Dolore nulla est dolor eu incididunt non laborum incididunt aliquip. Eu adipisicing veniam aute ea eiusmod laborum consectetur esse. Exercitation proident cillum ea excepteur reprehenderit et ad aliqua id eu minim duis incididunt.\r\n&quot;,
    &quot;registered&quot;: &quot;2016-09-18T01:59:31 +04:00&quot;,
    &quot;latitude&quot;: -55.471885,
    &quot;longitude&quot;: -69.201892,
    &quot;tags&quot;: [
      &quot;ea&quot;,
      &quot;enim&quot;,
      &quot;id&quot;,
      &quot;labore&quot;,
      &quot;aliquip&quot;,
      &quot;minim&quot;,
      &quot;aliqua&quot;
    ],
    &quot;friends&quot;: [
      {
        &quot;id&quot;: 0,
        &quot;name&quot;: &quot;Blankenship Rollins&quot;
      },
      {
        &quot;id&quot;: 1,
        &quot;name&quot;: &quot;Alvarado Wong&quot;
      },
      {
        &quot;id&quot;: 2,
        &quot;name&quot;: &quot;Melinda Mcbride&quot;
      }
    ],
    &quot;greeting&quot;: &quot;Hello, Ophelia Gillespie! You have 5 unread messages.&quot;,
    &quot;favoriteFruit&quot;: &quot;banana&quot;
  },
  {
    &quot;_id&quot;: &quot;5e96bbf132571addd82073f2&quot;,
    &quot;index&quot;: 4,
    &quot;guid&quot;: &quot;a2bf6b1e-4457-4caf-8fcb-58ba801d9f01&quot;,
    &quot;isActive&quot;: false,
    &quot;balance&quot;: &quot;$2,963.61&quot;,
    &quot;picture&quot;: &quot;http://placehold.it/32x32&quot;,
    &quot;age&quot;: 35,
    &quot;eyeColor&quot;: &quot;brown&quot;,
    &quot;name&quot;: &quot;Landry Holder&quot;,
    &quot;gender&quot;: &quot;male&quot;,
    &quot;company&quot;: &quot;MUSAPHICS&quot;,
    &quot;email&quot;: &quot;landryholder@musaphics.com&quot;,
    &quot;phone&quot;: &quot;+1 (890) 431-2501&quot;,
    &quot;address&quot;: &quot;981 Kenmore Terrace, Dola, Minnesota, 3524&quot;,
    &quot;about&quot;: &quot;Nulla elit minim pariatur ea est cupidatat pariatur do duis consequat consequat fugiat. Nostrud commodo mollit sit dolor officia. Est tempor nulla cupidatat do nostrud eu. Dolor non eiusmod proident occaecat nulla qui.\r\n&quot;,
    &quot;registered&quot;: &quot;2015-07-27T02:36:40 +04:00&quot;,
    &quot;latitude&quot;: 1.143875,
    &quot;longitude&quot;: 114.776249,
    &quot;tags&quot;: [
      &quot;incididunt&quot;,
      &quot;culpa&quot;,
      &quot;ut&quot;,
      &quot;adipisicing&quot;,
      &quot;commodo&quot;,
      &quot;elit&quot;,
      &quot;officia&quot;
    ],
    &quot;friends&quot;: [
      {
        &quot;id&quot;: 0,
        &quot;name&quot;: &quot;Phyllis Newman&quot;
      },
      {
        &quot;id&quot;: 1,
        &quot;name&quot;: &quot;Peck Hurley&quot;
      },
      {
        &quot;id&quot;: 2,
        &quot;name&quot;: &quot;Terry Norman&quot;
      }
    ],
    &quot;greeting&quot;: &quot;Hello, Landry Holder! You have 3 unread messages.&quot;,
    &quot;favoriteFruit&quot;: &quot;banana&quot;
  },
  {
    &quot;_id&quot;: &quot;5e96bbf1a80dd9845d7316ad&quot;,
    &quot;index&quot;: 5,
    &quot;guid&quot;: &quot;a6d48481-7120-4514-ac92-de6c7fafcf30&quot;,
    &quot;isActive&quot;: false,
    &quot;balance&quot;: &quot;$2,087.59&quot;,
    &quot;picture&quot;: &quot;http://placehold.it/32x32&quot;,
    &quot;age&quot;: 23,
    &quot;eyeColor&quot;: &quot;green&quot;,
    &quot;name&quot;: &quot;Gabrielle Ashley&quot;,
    &quot;gender&quot;: &quot;female&quot;,
    &quot;company&quot;: &quot;INQUALA&quot;,
    &quot;email&quot;: &quot;gabrielleashley@inquala.com&quot;,
    &quot;phone&quot;: &quot;+1 (824) 426-3059&quot;,
    &quot;address&quot;: &quot;694 Fleet Walk, Dante, Hawaii, 636&quot;,
    &quot;about&quot;: &quot;Adipisicing cillum dolore in velit culpa cupidatat sunt velit proident duis sit quis culpa. Aliqua veniam sit elit Lorem et proident officia laborum velit qui tempor ad aliquip. Aliquip fugiat esse cillum voluptate.\r\n&quot;,
    &quot;registered&quot;: &quot;2014-11-08T07:43:15 +05:00&quot;,
    &quot;latitude&quot;: -36.711383,
    &quot;longitude&quot;: 62.209901,
    &quot;tags&quot;: [
      &quot;laboris&quot;,
      &quot;magna&quot;,
      &quot;proident&quot;,
      &quot;incididunt&quot;,
      &quot;duis&quot;,
      &quot;ullamco&quot;,
      &quot;commodo&quot;
    ],
    &quot;friends&quot;: [
      {
        &quot;id&quot;: 0,
        &quot;name&quot;: &quot;Graham Rivers&quot;
      },
      {
        &quot;id&quot;: 1,
        &quot;name&quot;: &quot;Stephanie Meadows&quot;
      },
      {
        &quot;id&quot;: 2,
        &quot;name&quot;: &quot;Tami Ayala&quot;
      }
    ],
    &quot;greeting&quot;: &quot;Hello, Gabrielle Ashley! You have 4 unread messages.&quot;,
    &quot;favoriteFruit&quot;: &quot;banana&quot;
  }
]]&quot; did not equal &quot;[]&quot;" type="org.scalatest.exceptions.TestFailedException">org.scalatest.exceptions.TestFailedException: &quot;[[
{
    &quot;_id&quot;: &quot;5e96bbf1ec89f70ef940d2bd&quot;,
    &quot;index&quot;: 0,
    &quot;guid&quot;: &quot;23663a5e-4fa5-467b-b81c-486653d44e48&quot;,
    &quot;isActive&quot;: true,
    &quot;balance&quot;: &quot;$2,894.68&quot;,
    &quot;picture&quot;: &quot;http://placehold.it/32x32&quot;,
    &quot;age&quot;: 33,
    &quot;eyeColor&quot;: &quot;blue&quot;,
    &quot;name&quot;: &quot;Mcclure Snow&quot;,
    &quot;gender&quot;: &quot;male&quot;,
    &quot;company&quot;: &quot;NAVIR&quot;,
    &quot;email&quot;: &quot;mccluresnow@navir.com&quot;,
    &quot;phone&quot;: &quot;+1 (961) 552-3572&quot;,
    &quot;address&quot;: &quot;886 Borinquen Pl, Bennett, Missouri, 7512&quot;,
    &quot;about&quot;: &quot;Culpa ad ullamco ea commodo labore adipisicing est aute consectetur proident reprehenderit non qui. Pariatur in laborum mollit irure aliquip quis excepteur quis nulla. Laboris adipisicing adipisicing eiusmod ullamco velit irure ex labore culpa aliquip voluptate ad adipisicing. Occaecat incididunt magna veniam elit mollit in enim in voluptate mollit id. Aliqua cupidatat deserunt cillum anim.\r\n&quot;,
    &quot;registered&quot;: &quot;2015-12-18T03:14:36 +05:00&quot;,
    &quot;latitude&quot;: -21.214939,
    &quot;longitude&quot;: 93.095523,
    &quot;tags&quot;: [
      &quot;velit&quot;,
      &quot;excepteur&quot;,
      &quot;veniam&quot;,
      &quot;officia&quot;,
      &quot;veniam&quot;,
      &quot;ad&quot;,
      &quot;cillum&quot;
    ],
    &quot;friends&quot;: [
      {
        &quot;id&quot;: 0,
        &quot;name&quot;: &quot;Kelli Buchanan&quot;
      },
      {
        &quot;id&quot;: 1,
        &quot;name&quot;: &quot;Alyson Shepard&quot;
      },
      {
        &quot;id&quot;: 2,
        &quot;name&quot;: &quot;Mckay Russo&quot;
      }
    ],
    &quot;greeting&quot;: &quot;Hello, Mcclure Snow! You have 10 unread messages.&quot;,
    &quot;favoriteFruit&quot;: &quot;strawberry&quot;
  },
  {
    &quot;_id&quot;: &quot;5e96bbf156ac6237c77a8b50&quot;,
    &quot;index&quot;: 1,
    &quot;guid&quot;: &quot;b0c38138-a6b2-4422-9541-93d4c612b8b5&quot;,
    &quot;isActive&quot;: false,
    &quot;balance&quot;: &quot;$2,935.76&quot;,
    &quot;picture&quot;: &quot;http://placehold.it/32x32&quot;,
    &quot;age&quot;: 33,
    &quot;eyeColor&quot;: &quot;green&quot;,
    &quot;name&quot;: &quot;Maude Robles&quot;,
    &quot;gender&quot;: &quot;female&quot;,
    &quot;company&quot;: &quot;XOGGLE&quot;,
    &quot;email&quot;: &quot;mauderobles@xoggle.com&quot;,
    &quot;phone&quot;: &quot;+1 (993) 471-3861&quot;,
    &quot;address&quot;: &quot;932 Williams Avenue, Goochland, Guam, 2003&quot;,
    &quot;about&quot;: &quot;Pariatur consequat ea velit nulla dolor qui anim ad pariatur commodo ut amet reprehenderit cillum. Lorem occaecat velit ex consequat ex laboris cupidatat nulla minim. Et commodo nulla ex aliquip cillum. Dolore ullamco fugiat incididunt laborum voluptate et labore nostrud eiusmod laborum aute. Esse aliquip dolore magna qui nostrud cillum magna voluptate amet amet commodo. Enim dolor dolore proident eiusmod commodo sit ullamco cillum duis exercitation eiusmod eiusmod est commodo.\r\n&quot;,
    &quot;registered&quot;: &quot;2016-10-24T11:50:57 +04:00&quot;,
    &quot;latitude&quot;: -65.300902,
    &quot;longitude&quot;: -160.338621,
    &quot;tags&quot;: [
      &quot;fugiat&quot;,
      &quot;proident&quot;,
      &quot;enim&quot;,
      &quot;sint&quot;,
      &quot;aute&quot;,
      &quot;quis&quot;,
      &quot;tempor&quot;
    ],
    &quot;friends&quot;: [
      {
        &quot;id&quot;: 0,
        &quot;name&quot;: &quot;Velma Young&quot;
      },
      {
        &quot;id&quot;: 1,
        &quot;name&quot;: &quot;Nadia Duffy&quot;
      },
      {
        &quot;id&quot;: 2,
        &quot;name&quot;: &quot;Queen Freeman&quot;
      }
    ],
    &quot;greeting&quot;: &quot;Hello, Maude Robles! You have 8 unread messages.&quot;,
    &quot;favoriteFruit&quot;: &quot;banana&quot;
  },
  {
    &quot;_id&quot;: &quot;5e96bbf178b9841c166c33ca&quot;,
    &quot;index&quot;: 2,
    &quot;guid&quot;: &quot;382f8093-3dea-4493-8425-e163e7440b94&quot;,
    &quot;isActive&quot;: false,
    &quot;balance&quot;: &quot;$3,958.16&quot;,
    &quot;picture&quot;: &quot;http://placehold.it/32x32&quot;,
    &quot;age&quot;: 34,
    &quot;eyeColor&quot;: &quot;brown&quot;,
    &quot;name&quot;: &quot;Joy Tyson&quot;,
    &quot;gender&quot;: &quot;female&quot;,
    &quot;company&quot;: &quot;SKINSERVE&quot;,
    &quot;email&quot;: &quot;joytyson@skinserve.com&quot;,
    &quot;phone&quot;: &quot;+1 (978) 418-2893&quot;,
    &quot;address&quot;: &quot;146 Newton Street, Blende, New Hampshire, 1427&quot;,
    &quot;about&quot;: &quot;Adipisicing ad eu eu labore laboris adipisicing pariatur ea et velit. Aute pariatur aute magna labore sunt veniam aute et ad tempor commodo aliqua. Qui dolor mollit ex anim commodo consequat. Eu ut mollit laboris Lorem aliquip adipisicing dolor nulla reprehenderit ad dolore Lorem ipsum. Non reprehenderit ex proident eiusmod aute pariatur dolor non aliqua. Ullamco ut enim nisi officia ipsum elit proident duis. Ex non nulla commodo in aliquip aliquip dolor nulla laborum minim.\r\n&quot;,
    &quot;registered&quot;: &quot;2014-03-02T01:40:33 +05:00&quot;,
    &quot;latitude&quot;: 35.13812,
    &quot;longitude&quot;: 139.403515,
    &quot;tags&quot;: [
      &quot;exercitation&quot;,
      &quot;quis&quot;,
      &quot;cupidatat&quot;,
      &quot;dolore&quot;,
      &quot;in&quot;,
      &quot;ullamco&quot;,
      &quot;cupidatat&quot;
    ],
    &quot;friends&quot;: [
      {
        &quot;id&quot;: 0,
        &quot;name&quot;: &quot;Vargas Gill&quot;
      },
      {
        &quot;id&quot;: 1,
        &quot;name&quot;: &quot;Rene Berger&quot;
      },
      {
        &quot;id&quot;: 2,
        &quot;name&quot;: &quot;Atkins Joseph&quot;
      }
    ],
    &quot;greeting&quot;: &quot;Hello, Joy Tyson! You have 6 unread messages.&quot;,
    &quot;favoriteFruit&quot;: &quot;apple&quot;
  },
  {
    &quot;_id&quot;: &quot;5e96bbf12c2f4457a194a513&quot;,
    &quot;index&quot;: 3,
    &quot;guid&quot;: &quot;e584475d-c6ab-4740-ba75-dc528c610aa8&quot;,
    &quot;isActive&quot;: false,
    &quot;balance&quot;: &quot;$1,355.75&quot;,
    &quot;picture&quot;: &quot;http://placehold.it/32x32&quot;,
    &quot;age&quot;: 34,
    &quot;eyeColor&quot;: &quot;brown&quot;,
    &quot;name&quot;: &quot;Ophelia Gillespie&quot;,
    &quot;gender&quot;: &quot;female&quot;,
    &quot;company&quot;: &quot;LOCAZONE&quot;,
    &quot;email&quot;: &quot;opheliagillespie@locazone.com&quot;,
    &quot;phone&quot;: &quot;+1 (842) 490-2162&quot;,
    &quot;address&quot;: &quot;232 Vanderveer Place, Blairstown, Iowa, 4756&quot;,
    &quot;about&quot;: &quot;Officia et dolore do excepteur est occaecat tempor commodo sit tempor do. Sunt eiusmod quis consectetur pariatur eiusmod. Qui mollit pariatur nisi sunt nisi anim consectetur culpa deserunt adipisicing sit. Voluptate mollit do minim aute fugiat amet voluptate et. Dolore nulla est dolor eu incididunt non laborum incididunt aliquip. Eu adipisicing veniam aute ea eiusmod laborum consectetur esse. Exercitation proident cillum ea excepteur reprehenderit et ad aliqua id eu minim duis incididunt.\r\n&quot;,
    &quot;registered&quot;: &quot;2016-09-18T01:59:31 +04:00&quot;,
    &quot;latitude&quot;: -55.471885,
    &quot;longitude&quot;: -69.201892,
    &quot;tags&quot;: [
      &quot;ea&quot;,
      &quot;enim&quot;,
      &quot;id&quot;,
      &quot;labore&quot;,
      &quot;aliquip&quot;,
      &quot;minim&quot;,
      &quot;aliqua&quot;
    ],
    &quot;friends&quot;: [
      {
        &quot;id&quot;: 0,
        &quot;name&quot;: &quot;Blankenship Rollins&quot;
      },
      {
        &quot;id&quot;: 1,
        &quot;name&quot;: &quot;Alvarado Wong&quot;
      },
      {
        &quot;id&quot;: 2,
        &quot;name&quot;: &quot;Melinda Mcbride&quot;
      }
    ],
    &quot;greeting&quot;: &quot;Hello, Ophelia Gillespie! You have 5 unread messages.&quot;,
    &quot;favoriteFruit&quot;: &quot;banana&quot;
  },
  {
    &quot;_id&quot;: &quot;5e96bbf132571addd82073f2&quot;,
    &quot;index&quot;: 4,
    &quot;guid&quot;: &quot;a2bf6b1e-4457-4caf-8fcb-58ba801d9f01&quot;,
    &quot;isActive&quot;: false,
    &quot;balance&quot;: &quot;$2,963.61&quot;,
    &quot;picture&quot;: &quot;http://placehold.it/32x32&quot;,
    &quot;age&quot;: 35,
    &quot;eyeColor&quot;: &quot;brown&quot;,
    &quot;name&quot;: &quot;Landry Holder&quot;,
    &quot;gender&quot;: &quot;male&quot;,
    &quot;company&quot;: &quot;MUSAPHICS&quot;,
    &quot;email&quot;: &quot;landryholder@musaphics.com&quot;,
    &quot;phone&quot;: &quot;+1 (890) 431-2501&quot;,
    &quot;address&quot;: &quot;981 Kenmore Terrace, Dola, Minnesota, 3524&quot;,
    &quot;about&quot;: &quot;Nulla elit minim pariatur ea est cupidatat pariatur do duis consequat consequat fugiat. Nostrud commodo mollit sit dolor officia. Est tempor nulla cupidatat do nostrud eu. Dolor non eiusmod proident occaecat nulla qui.\r\n&quot;,
    &quot;registered&quot;: &quot;2015-07-27T02:36:40 +04:00&quot;,
    &quot;latitude&quot;: 1.143875,
    &quot;longitude&quot;: 114.776249,
    &quot;tags&quot;: [
      &quot;incididunt&quot;,
      &quot;culpa&quot;,
      &quot;ut&quot;,
      &quot;adipisicing&quot;,
      &quot;commodo&quot;,
      &quot;elit&quot;,
      &quot;officia&quot;
    ],
    &quot;friends&quot;: [
      {
        &quot;id&quot;: 0,
        &quot;name&quot;: &quot;Phyllis Newman&quot;
      },
      {
        &quot;id&quot;: 1,
        &quot;name&quot;: &quot;Peck Hurley&quot;
      },
      {
        &quot;id&quot;: 2,
        &quot;name&quot;: &quot;Terry Norman&quot;
      }
    ],
    &quot;greeting&quot;: &quot;Hello, Landry Holder! You have 3 unread messages.&quot;,
    &quot;favoriteFruit&quot;: &quot;banana&quot;
  },
  {
    &quot;_id&quot;: &quot;5e96bbf1a80dd9845d7316ad&quot;,
    &quot;index&quot;: 5,
    &quot;guid&quot;: &quot;a6d48481-7120-4514-ac92-de6c7fafcf30&quot;,
    &quot;isActive&quot;: false,
    &quot;balance&quot;: &quot;$2,087.59&quot;,
    &quot;picture&quot;: &quot;http://placehold.it/32x32&quot;,
    &quot;age&quot;: 23,
    &quot;eyeColor&quot;: &quot;green&quot;,
    &quot;name&quot;: &quot;Gabrielle Ashley&quot;,
    &quot;gender&quot;: &quot;female&quot;,
    &quot;company&quot;: &quot;INQUALA&quot;,
    &quot;email&quot;: &quot;gabrielleashley@inquala.com&quot;,
    &quot;phone&quot;: &quot;+1 (824) 426-3059&quot;,
    &quot;address&quot;: &quot;694 Fleet Walk, Dante, Hawaii, 636&quot;,
    &quot;about&quot;: &quot;Adipisicing cillum dolore in velit culpa cupidatat sunt velit proident duis sit quis culpa. Aliqua veniam sit elit Lorem et proident officia laborum velit qui tempor ad aliquip. Aliquip fugiat esse cillum voluptate.\r\n&quot;,
    &quot;registered&quot;: &quot;2014-11-08T07:43:15 +05:00&quot;,
    &quot;latitude&quot;: -36.711383,
    &quot;longitude&quot;: 62.209901,
    &quot;tags&quot;: [
      &quot;laboris&quot;,
      &quot;magna&quot;,
      &quot;proident&quot;,
      &quot;incididunt&quot;,
      &quot;duis&quot;,
      &quot;ullamco&quot;,
      &quot;commodo&quot;
    ],
    &quot;friends&quot;: [
      {
        &quot;id&quot;: 0,
        &quot;name&quot;: &quot;Graham Rivers&quot;
      },
      {
        &quot;id&quot;: 1,
        &quot;name&quot;: &quot;Stephanie Meadows&quot;
      },
      {
        &quot;id&quot;: 2,
        &quot;name&quot;: &quot;Tami Ayala&quot;
      }
    ],
    &quot;greeting&quot;: &quot;Hello, Gabrielle Ashley! You have 4 unread messages.&quot;,
    &quot;favoriteFruit&quot;: &quot;banana&quot;
  }
]]&quot; did not equal &quot;[]&quot;
	at org.scalatest.Assertions.newAssertionFailedException(Assertions.scala:472)
	at org.scalatest.Assertions.newAssertionFailedException$(Assertions.scala:471)
	at org.scalatest.Assertions$.newAssertionFailedException(Assertions.scala:1231)
	at org.scalatest.Assertions$AssertionsHelper.macroAssert(Assertions.scala:1295)
	at JsonHandlerTest.$anonfun$new$3(JsonHandlerTest.scala:316)
	at org.scalatest.OutcomeOf.outcomeOf(OutcomeOf.scala:85)
	at org.scalatest.OutcomeOf.outcomeOf$(OutcomeOf.scala:83)
	at org.scalatest.OutcomeOf$.outcomeOf(OutcomeOf.scala:104)
	at org.scalatest.Transformer.apply(Transformer.scala:22)
	at org.scalatest.Transformer.apply(Transformer.scala:20)
	at org.scalatest.funsuite.AnyFunSuiteLike$$anon$1.apply(AnyFunSuiteLike.scala:189)
	at org.scalatest.TestSuite.withFixture(TestSuite.scala:196)
	at org.scalatest.TestSuite.withFixture$(TestSuite.scala:195)
	at org.scalatest.funsuite.AnyFunSuite.withFixture(AnyFunSuite.scala:1562)
	at org.scalatest.funsuite.AnyFunSuiteLike.invokeWithFixture$1(AnyFunSuiteLike.scala:187)
	at org.scalatest.funsuite.AnyFunSuiteLike.$anonfun$runTest$1(AnyFunSuiteLike.scala:199)
	at org.scalatest.SuperEngine.runTestImpl(Engine.scala:306)
	at org.scalatest.funsuite.AnyFunSuiteLike.runTest(AnyFunSuiteLike.scala:199)
	at org.scalatest.funsuite.AnyFunSuiteLike.runTest$(AnyFunSuiteLike.scala:181)
	at org.scalatest.funsuite.AnyFunSuite.runTest(AnyFunSuite.scala:1562)
	at org.scalatest.funsuite.AnyFunSuiteLike.$anonfun$runTests$1(AnyFunSuiteLike.scala:232)
	at org.scalatest.SuperEngine.$anonfun$runTestsInBranch$1(Engine.scala:413)
	at scala.collection.immutable.List.foreach(List.scala:305)
	at org.scalatest.SuperEngine.traverseSubNodes$1(Engine.scala:401)
	at org.scalatest.SuperEngine.runTestsInBranch(Engine.scala:396)
	at org.scalatest.SuperEngine.runTestsImpl(Engine.scala:475)
	at org.scalatest.funsuite.AnyFunSuiteLike.runTests(AnyFunSuiteLike.scala:232)
	at org.scalatest.funsuite.AnyFunSuiteLike.runTests$(AnyFunSuiteLike.scala:231)
	at org.scalatest.funsuite.AnyFunSuite.runTests(AnyFunSuite.scala:1562)
	at org.scalatest.Suite.run(Suite.scala:1112)
	at org.scalatest.Suite.run$(Suite.scala:1094)
	at org.scalatest.funsuite.AnyFunSuite.org$scalatest$funsuite$AnyFunSuiteLike$$super$run(AnyFunSuite.scala:1562)
	at org.scalatest.funsuite.AnyFunSuiteLike.$anonfun$run$1(AnyFunSuiteLike.scala:236)
	at org.scalatest.SuperEngine.runImpl(Engine.scala:535)
	at org.scalatest.funsuite.AnyFunSuiteLike.run(AnyFunSuiteLike.scala:236)
	at org.scalatest.funsuite.AnyFunSuiteLike.run$(AnyFunSuiteLike.scala:235)
	at org.scalatest.funsuite.AnyFunSuite.run(AnyFunSuite.scala:1562)
	at org.scalatest.tools.Framework.org$scalatest$tools$Framework$$runSuite(Framework.scala:318)
	at org.scalatest.tools.Framework$ScalaTestTask.execute(Framework.scala:513)
	at sbt.TestRunner.runTest$1(TestFramework.scala:139)
	at sbt.TestRunner.run(TestFramework.scala:154)
	at sbt.TestFramework$$anon$3$$anonfun$$lessinit$greater$1.$anonfun$apply$1(TestFramework.scala:317)
	at sbt.TestFramework$.sbt$TestFramework$$withContextLoader(TestFramework.scala:277)
	at sbt.TestFramework$$anon$3$$anonfun$$lessinit$greater$1.apply(TestFramework.scala:317)
	at sbt.TestFramework$$anon$3$$anonfun$$lessinit$greater$1.apply(TestFramework.scala:317)
	at sbt.TestFunction.apply(TestFramework.scala:329)
	at sbt.Tests$.$anonfun$toTask$1(Tests.scala:311)
	at sbt.std.Transform$$anon$3.$anonfun$apply$2(Transform.scala:46)
	at sbt.std.Transform$$anon$4.work(Transform.scala:67)
	at sbt.Execute.$anonfun$submit$2(Execute.scala:280)
	at sbt.internal.util.ErrorHandling$.wideConvert(ErrorHandling.scala:19)
	at sbt.Execute.work(Execute.scala:289)
	at sbt.Execute.$anonfun$submit$1(Execute.scala:280)
	at sbt.ConcurrentRestrictions$$anon$4.$anonfun$submitValid$1(ConcurrentRestrictions.scala:178)
	at sbt.CompletionService$$anon$2.call(CompletionService.scala:37)
	at java.base/java.util.concurrent.FutureTask.run(FutureTask.java:264)
	at java.base/java.util.concurrent.Executors$RunnableAdapter.call(Executors.java:515)
	at java.base/java.util.concurrent.FutureTask.run(FutureTask.java:264)
	at java.base/java.util.concurrent.ThreadPoolExecutor.runWorker(ThreadPoolExecutor.java:1128)
	at java.base/java.util.concurrent.ThreadPoolExecutor$Worker.run(ThreadPoolExecutor.java:628)
	at java.base/java.lang.Thread.run(Thread.java:830)
</failure>
                                               </testcase>
                     <system-out><![CDATA[]]></system-out>
                     <system-err><![CDATA[]]></system-err>
                   </testsuite>