[0m[[0m[0mdebug[0m] [0m[0mRunning TaskDef(PipelineFactoryTest, org.scalatest.tools.Framework$$anon$1@6011d1dd, false, [SuiteSelector])[0m
[0m[[0m[0mdebug[0m] [0m[0mRunning TaskDef(PipelineTest, org.scalatest.tools.Framework$$anon$1@6011d1dd, false, [SuiteSelector])[0m
[0m[[0m[0mdebug[0m] [0m[0mRunning TaskDef(MiddlewareRequestTest, org.scalatest.tools.Framework$$anon$1@6011d1dd, false, [SuiteSelector])[0m
[0m[[0m[0mdebug[0m] [0m[0mRunning TaskDef(HttpRequestClientTest, org.scalatest.tools.Framework$$anon$1@6011d1dd, false, [SuiteSelector])[0m
[0m[[0m[0mdebug[0m] [0m[0mRunning TaskDef(ServiceRequestTest, org.scalatest.tools.Framework$$anon$1@6011d1dd, false, [SuiteSelector])[0m
[0m[[0m[0minfo[0m] [0m[0m[36mRun completed in 888 milliseconds.[0m[0m
[0m[[0m[0minfo[0m] [0m[0m[36mTotal number of tests run: 28[0m[0m
[0m[[0m[0minfo[0m] [0m[0m[36mSuites: completed 5, aborted 0[0m[0m
[0m[[0m[0minfo[0m] [0m[0m[36mTests: succeeded 24, failed 4, canceled 0, ignored 25, pending 0[0m[0m
[0m[[0m[0minfo[0m] [0m[0m[31m*** 4 TESTS FAILED ***[0m[0m
[0m[[0m[0mdebug[0m] [0m[0mPassed tests:[0m
[0m[[0m[0mdebug[0m] [0m[0m	PipelineTest[0m
[0m[[0m[0mdebug[0m] [0m[0m	HttpRequestClientTest[0m
[0m[[0m[0mdebug[0m] [0m[0m	ServiceRequestTest[0m
[0m[[0m[0mdebug[0m] [0m[0m	MiddlewareRequestTest[0m
[0m[[0m[31merror[0m] [0m[0mFailed tests:[0m
[0m[[0m[31merror[0m] [0m[0m	PipelineFactoryTest[0m
[0m[[0m[31merror[0m] [0m[0m(Test / [31mtest[0m) sbt.TestsFailedException: Tests unsuccessful[0m
